<?xml version="1.0" encoding="UTF-8"?>
<!-- Generated by org.testng.reporters.JUnitXMLReporter -->
<testsuite ignored="5" hostname="DESKTOP-F7T99EU" failures="0" tests="4" name="Default test" time="49.014" errors="0" timestamp="2023-12-26T16:41:56 EET">
  <testcase classname="swagLabProject.myTestCases" name="LoginTest" time="2.264"/>
  <testcase classname="swagLabProject.myTestCases" name="AddTwoSpesificItem" time="3.209"/>
  <testcase classname="swagLabProject.myTestCases" name="OpenCartAndCheckOut" time="16.493"/>
  <testcase classname="swagLabProject.myTestCases" name="BackHome" time="5.069"/>
  <testcase classname="swagLabProject.myTestCases" name="AddAllItems" time="0.0">
    <ignored/>
  </testcase> <!-- AddAllItems -->
  <testcase classname="swagLabProject.myTestCases" name="SortingZtoA" time="0.0">
    <ignored/>
  </testcase> <!-- SortingZtoA -->
  <testcase classname="swagLabProject.myTestCases" name="checkThePrices" time="0.0">
    <ignored/>
  </testcase> <!-- checkThePrices -->
  <testcase classname="swagLabProject.myTestCases" name="RemoveFromYourCartPage" time="0.0">
    <ignored/>
  </testcase> <!-- RemoveFromYourCartPage -->
  <testcase classname="swagLabProject.myTestCases" name="RemoveTwoRandomItem" time="0.0">
    <ignored/>
  </testcase> <!-- RemoveTwoRandomItem -->
</testsuite> <!-- Default test -->
